<?xml version="1.0" encoding="UTF-8"?>
<!-- Generated by org.testng.reporters.JUnitReportReporter -->
<testsuite hostname="01HW189758" name="CNAutoDemo" tests="3" failures="0" timestamp="28 Sep 2015 13:47:22 GMT" time="91.553" errors="0">
  <testcase name="closeBrowser" time="3.425" classname="CNAutoDemo"/>
  <testcase name="Login" time="31.134" classname="CNAutoDemo"/>
  <testcase name="deletePR" time="56.994" classname="CNAutoDemo"/>
</testsuite> <!-- CNAutoDemo -->
