<?xml version="1.0" encoding="UTF-8"?>
<!-- Generated by org.testng.reporters.JUnitReportReporter -->
<testsuite hostname="01HW189957" name="MyPackage.A2FUSer" tests="2" failures="0" timestamp="5 Nov 2015 12:03:56 GMT" time="406.990" errors="0">
  <testcase name="Login" time="33.716" classname="MyPackage.A2FUSer"/>
  <testcase name="IterationScenarios" time="373.274" classname="MyPackage.A2FUSer"/>
</testsuite> <!-- MyPackage.A2FUSer -->
