<?xml version="1.0" encoding="UTF-8"?>
<!-- Generated by org.testng.reporters.JUnitReportReporter -->
<testsuite hostname="01HW189758" name="MyPackage.A2FUSer" tests="2" failures="0" timestamp="4 Nov 2015 14:23:22 GMT" time="371.341" errors="0">
  <testcase name="IterationScenarios" time="336.586" classname="MyPackage.A2FUSer"/>
  <testcase name="Login" time="34.755" classname="MyPackage.A2FUSer"/>
</testsuite> <!-- MyPackage.A2FUSer -->
