<?xml version="1.0" encoding="UTF-8"?>
<!-- Generated by org.testng.reporters.JUnitReportReporter -->
<testsuite hostname="01HW189758" name="MyPackage.A2FUSer" tests="2" failures="0" timestamp="6 Nov 2015 12:13:58 GMT" time="387.947" errors="0">
  <testcase name="IterationScenarios" time="356.819" classname="MyPackage.A2FUSer"/>
  <testcase name="Login" time="31.128" classname="MyPackage.A2FUSer"/>
</testsuite> <!-- MyPackage.A2FUSer -->
